[debug] [2020-04-05T19:46:46.088Z] ----------------------------------------------------------------------
[debug] [2020-04-05T19:46:46.091Z] Command:       C:\Program Files\nodejs\node.exe C:\Users\WOLGAN\AppData\Roaming\npm\node_modules\firebase-tools\lib\bin\firebase.js deploy
[debug] [2020-04-05T19:46:46.092Z] CLI Version:   8.0.1
[debug] [2020-04-05T19:46:46.092Z] Platform:      win32
[debug] [2020-04-05T19:46:46.092Z] Node Version:  v10.16.3
[debug] [2020-04-05T19:46:46.093Z] Time:          Mon Apr 06 2020 01:16:46 GMT+0530 (India Standard Time)
[debug] [2020-04-05T19:46:46.093Z] ----------------------------------------------------------------------
[debug] [2020-04-05T19:46:46.093Z] 
[debug] [2020-04-05T19:46:46.106Z] > command requires scopes: ["email","openid","https://www.googleapis.com/auth/cloudplatformprojects.readonly","https://www.googleapis.com/auth/firebase","https://www.googleapis.com/auth/cloud-platform"]
[debug] [2020-04-05T19:46:46.106Z] > authorizing via signed-in user
[debug] [2020-04-05T19:46:46.107Z] [iam] checking project mywebsite-25ba8 for permissions ["firebase.projects.get","firebasehosting.sites.update"]
[debug] [2020-04-05T19:46:46.111Z] > refreshing access token with scopes: ["email","https://www.googleapis.com/auth/cloud-platform","https://www.googleapis.com/auth/cloudplatformprojects.readonly","https://www.googleapis.com/auth/firebase","openid"]
[debug] [2020-04-05T19:46:46.111Z] >>> HTTP REQUEST POST https://www.googleapis.com/oauth2/v3/token  
 <request body omitted>
[debug] [2020-04-05T19:46:46.821Z] <<< HTTP RESPONSE 200 {"content-type":"application/json; charset=utf-8","vary":"X-Origin, Referer, Origin,Accept-Encoding","date":"Sun, 05 Apr 2020 19:43:27 GMT","server":"scaffolding on HTTPServer2","cache-control":"private","x-xss-protection":"0","x-frame-options":"SAMEORIGIN","x-content-type-options":"nosniff","alt-svc":"quic=\":443\"; ma=2592000; v=\"46,43\",h3-Q050=\":443\"; ma=2592000,h3-Q049=\":443\"; ma=2592000,h3-Q048=\":443\"; ma=2592000,h3-Q046=\":443\"; ma=2592000,h3-Q043=\":443\"; ma=2592000,h3-T050=\":443\"; ma=2592000","accept-ranges":"none","transfer-encoding":"chunked"}
[debug] [2020-04-05T19:46:46.867Z] >>> HTTP REQUEST POST https://cloudresourcemanager.googleapis.com/v1/projects/mywebsite-25ba8:testIamPermissions  
 {"permissions":["firebase.projects.get","firebasehosting.sites.update"]}
[debug] [2020-04-05T19:46:48.907Z] <<< HTTP RESPONSE 200 {"content-type":"application/json; charset=UTF-8","vary":"X-Origin, Referer, Origin,Accept-Encoding","date":"Sun, 05 Apr 2020 19:43:29 GMT","server":"ESF","cache-control":"private","x-xss-protection":"0","x-frame-options":"SAMEORIGIN","x-content-type-options":"nosniff","server-timing":"gfet4t7; dur=1502","alt-svc":"quic=\":443\"; ma=2592000; v=\"46,43\",h3-Q050=\":443\"; ma=2592000,h3-Q049=\":443\"; ma=2592000,h3-Q048=\":443\"; ma=2592000,h3-Q046=\":443\"; ma=2592000,h3-Q043=\":443\"; ma=2592000,h3-T050=\":443\"; ma=2592000","accept-ranges":"none","transfer-encoding":"chunked"}
[debug] [2020-04-05T19:46:48.910Z] >>> HTTP REQUEST GET https://firebase.googleapis.com/v1beta1/projects/mywebsite-25ba8  
 
[debug] [2020-04-05T19:46:49.728Z] <<< HTTP RESPONSE 200 {"content-type":"application/json; charset=UTF-8","vary":"X-Origin, Referer, Origin,Accept-Encoding","date":"Sun, 05 Apr 2020 19:43:30 GMT","server":"ESF","cache-control":"private","x-xss-protection":"0","x-frame-options":"SAMEORIGIN","x-content-type-options":"nosniff","alt-svc":"quic=\":443\"; ma=2592000; v=\"46,43\",h3-Q050=\":443\"; ma=2592000,h3-Q049=\":443\"; ma=2592000,h3-Q048=\":443\"; ma=2592000,h3-Q046=\":443\"; ma=2592000,h3-Q043=\":443\"; ma=2592000,h3-T050=\":443\"; ma=2592000","accept-ranges":"none","transfer-encoding":"chunked"}
[info] 
[info] === Deploying to 'mywebsite-25ba8'...
[info] 
[info] i  deploying hosting
[debug] [2020-04-05T19:46:49.739Z] >>> HTTP REQUEST POST https://firebasehosting.googleapis.com/v1beta1/sites/the-dabba-app/versions  
 {"config":{"rewrites":[{"glob":"**","path":"/index.html"}]},"labels":{"deployment-tool":"cli-firebase"}}
[debug] [2020-04-05T19:46:52.493Z] <<< HTTP RESPONSE 200 {"content-type":"application/json; charset=UTF-8","vary":"X-Origin, Referer, Origin,Accept-Encoding","date":"Sun, 05 Apr 2020 19:43:32 GMT","server":"ESF","cache-control":"private","x-xss-protection":"0","x-frame-options":"SAMEORIGIN","x-content-type-options":"nosniff","alt-svc":"quic=\":443\"; ma=2592000; v=\"46,43\",h3-Q050=\":443\"; ma=2592000,h3-Q049=\":443\"; ma=2592000,h3-Q048=\":443\"; ma=2592000,h3-Q046=\":443\"; ma=2592000,h3-Q043=\":443\"; ma=2592000,h3-T050=\":443\"; ma=2592000","accept-ranges":"none","transfer-encoding":"chunked"}
[info] i  hosting[the-dabba-app]: beginning deploy...
[info] i  hosting[the-dabba-app]: found 41 files in public
[debug] [2020-04-05T19:46:52.532Z] [hosting] hash cache [cHVibGlj] stored for 41 files
[debug] [2020-04-05T19:46:52.533Z] [hosting][hash queue][FINAL] {"max":7,"min":1,"avg":1,"active":0,"complete":41,"success":41,"errored":0,"retried":0,"total":41,"elapsed":10}
[debug] [2020-04-05T19:46:52.533Z] >>> HTTP REQUEST POST https://firebasehosting.googleapis.com/v1beta1/sites/the-dabba-app/versions/87260a035be8d10c:populateFiles  
 <request body omitted>
[debug] [2020-04-05T19:46:54.855Z] <<< HTTP RESPONSE 200 {"content-type":"application/json; charset=UTF-8","vary":"X-Origin, Referer, Origin,Accept-Encoding","date":"Sun, 05 Apr 2020 19:43:35 GMT","server":"ESF","cache-control":"private","x-xss-protection":"0","x-frame-options":"SAMEORIGIN","x-content-type-options":"nosniff","alt-svc":"quic=\":443\"; ma=2592000; v=\"46,43\",h3-Q050=\":443\"; ma=2592000,h3-Q049=\":443\"; ma=2592000,h3-Q048=\":443\"; ma=2592000,h3-Q046=\":443\"; ma=2592000,h3-Q043=\":443\"; ma=2592000,h3-T050=\":443\"; ma=2592000","accept-ranges":"none","transfer-encoding":"chunked"}
[debug] [2020-04-05T19:46:54.862Z] [hosting][populate queue][FINAL] {"max":2326,"min":2326,"avg":2326,"active":0,"complete":1,"success":1,"errored":0,"retried":0,"total":1,"elapsed":2332}
[debug] [2020-04-05T19:46:54.862Z] [hosting] uploads queued: 1
[debug] [2020-04-05T19:53:33.569Z] [uploadQueue] Retrying task 579e15e17b2dda0115f17f817324126c7faa92adf43b5a73ad9051e0b53a2107
[debug] [2020-04-05T19:56:14.350Z] ----------------------------------------------------------------------
[debug] [2020-04-05T19:56:14.354Z] Command:       C:\Program Files\nodejs\node.exe C:\Users\WOLGAN\AppData\Roaming\npm\node_modules\firebase-tools\lib\bin\firebase.js deploy
[debug] [2020-04-05T19:56:14.355Z] CLI Version:   8.0.1
[debug] [2020-04-05T19:56:14.355Z] Platform:      win32
[debug] [2020-04-05T19:56:14.355Z] Node Version:  v10.16.3
[debug] [2020-04-05T19:56:14.357Z] Time:          Mon Apr 06 2020 01:26:14 GMT+0530 (India Standard Time)
[debug] [2020-04-05T19:56:14.357Z] ----------------------------------------------------------------------
[debug] [2020-04-05T19:56:14.357Z] 
[debug] [2020-04-05T19:56:14.375Z] > command requires scopes: ["email","openid","https://www.googleapis.com/auth/cloudplatformprojects.readonly","https://www.googleapis.com/auth/firebase","https://www.googleapis.com/auth/cloud-platform"]
[debug] [2020-04-05T19:56:14.376Z] > authorizing via signed-in user
[debug] [2020-04-05T19:56:14.377Z] [iam] checking project mywebsite-25ba8 for permissions ["firebase.projects.get","firebasehosting.sites.update"]
[debug] [2020-04-05T19:56:14.383Z] >>> HTTP REQUEST POST https://cloudresourcemanager.googleapis.com/v1/projects/mywebsite-25ba8:testIamPermissions  
 {"permissions":["firebase.projects.get","firebasehosting.sites.update"]}
[debug] [2020-04-05T19:57:15.280Z] [iam] error while checking permissions, command may fail: FirebaseError: Server Error. Client network socket disconnected before secure TLS connection was established
[debug] [2020-04-05T19:57:15.282Z] >>> HTTP REQUEST GET https://firebase.googleapis.com/v1beta1/projects/mywebsite-25ba8  
 
[debug] [2020-04-05T19:58:15.646Z] Server Error. ESOCKETTIMEDOUT
[debug] [2020-04-05T19:58:35.714Z] FirebaseError: Server Error. ESOCKETTIMEDOUT
    at Request._callback (C:\Users\WOLGAN\AppData\Roaming\npm\node_modules\firebase-tools\lib\api.js:31:31)
    at self.callback (C:\Users\WOLGAN\AppData\Roaming\npm\node_modules\firebase-tools\node_modules\request\request.js:185:22)
    at Request.emit (events.js:198:13)
    at Request.EventEmitter.emit (domain.js:448:20)
    at ClientRequest.<anonymous> (C:\Users\WOLGAN\AppData\Roaming\npm\node_modules\firebase-tools\node_modules\request\request.js:819:16)
    at Object.onceWrapper (events.js:286:20)
    at ClientRequest.emit (events.js:198:13)
    at ClientRequest.EventEmitter.emit (domain.js:448:20)
    at TLSSocket.emitRequestTimeout (_http_client.js:662:40)
    at Object.onceWrapper (events.js:286:20)
    at TLSSocket.emit (events.js:198:13)
    at TLSSocket.EventEmitter.emit (domain.js:448:20)
    at TLSSocket.Socket._onTimeout (net.js:442:8)
    at ontimeout (timers.js:436:11)
    at tryOnTimeout (timers.js:300:5)
    at listOnTimeout (timers.js:263:5)
[error] 
[error] Error: Failed to get Firebase project mywebsite-25ba8. Please make sure the project exists and your account has permission to access it.
